  Source.cpp
C:\Users\bruno\source\repos\2D_Game_Shooting\2D_Game_Shooting\Source.cpp(86,22): warning C4244: 'argument': conversion from 'int' to 'float', possible loss of data
C:\Users\bruno\source\repos\2D_Game_Shooting\2D_Game_Shooting\Source.cpp(86,19): warning C4244: 'argument': conversion from 'int' to 'float', possible loss of data
C:\Users\bruno\source\repos\2D_Game_Shooting\2D_Game_Shooting\Source.cpp(87,41): warning C4244: 'argument': conversion from 'float' to 'int32_t', possible loss of data
C:\Users\bruno\source\repos\2D_Game_Shooting\2D_Game_Shooting\Source.cpp(87,37): warning C4244: 'argument': conversion from 'float' to 'int32_t', possible loss of data
C:\Users\bruno\source\repos\2D_Game_Shooting\2D_Game_Shooting\Source.cpp(128,39): warning C4244: 'argument': conversion from 'int' to 'float', possible loss of data
C:\Users\bruno\source\repos\2D_Game_Shooting\2D_Game_Shooting\Source.cpp(167,40): warning C4244: 'argument': conversion from 'int' to 'float', possible loss of data
C:\Users\bruno\source\repos\2D_Game_Shooting\2D_Game_Shooting\Source.cpp(233,15): warning C4244: 'argument': conversion from 'float' to 'int', possible loss of data
C:\Users\bruno\source\repos\2D_Game_Shooting\2D_Game_Shooting\Source.cpp(233,10): warning C4244: 'argument': conversion from 'float' to 'int', possible loss of data
C:\Users\bruno\source\repos\2D_Game_Shooting\2D_Game_Shooting\Source.cpp(299,13): warning C4267: 'initializing': conversion from 'size_t' to 'int', possible loss of data
C:\Users\bruno\source\repos\2D_Game_Shooting\2D_Game_Shooting\Source.cpp(328,85): warning C4244: 'argument': conversion from '_Ty2' to 'int32_t', possible loss of data
          with
          [
              _Ty2=float
          ]
C:\Users\bruno\source\repos\2D_Game_Shooting\2D_Game_Shooting\Source.cpp(328,41): warning C4244: 'argument': conversion from '_Ty1' to 'int32_t', possible loss of data
          with
          [
              _Ty1=float
          ]
C:\Users\bruno\source\repos\2D_Game_Shooting\2D_Game_Shooting\Source.cpp(327,93): warning C4244: 'argument': conversion from '_Ty2' to 'int32_t', possible loss of data
          with
          [
              _Ty2=float
          ]
C:\Users\bruno\source\repos\2D_Game_Shooting\2D_Game_Shooting\Source.cpp(327,49): warning C4244: 'argument': conversion from '_Ty1' to 'int32_t', possible loss of data
          with
          [
              _Ty1=float
          ]
  2D_Game_Shooting.vcxproj -> C:\Users\bruno\source\repos\2D_Game_Shooting\x64\Debug\2D_Game_Shooting.exe
